{"C:\\Users\\ads0417\\OneDrive - Ara Institute of Canterbury\\Documents\\ARS 20240220 BCDE211 Best Prog Practices\\Assessment\\triathlon\\src\\athlete.js": {"path":"C:\\Users\\ads0417\\OneDrive - Ara Institute of Canterbury\\Documents\\ARS 20240220 BCDE211 Best Prog Practices\\Assessment\\triathlon\\src\\athlete.js","statementMap":{"0":{"start":{"line":4,"column":16},"end":{"line":4,"column":35}},"1":{"start":{"line":5,"column":19},"end":{"line":5,"column":29}},"2":{"start":{"line":16,"column":2},"end":{"line":16,"column":17}},"3":{"start":{"line":17,"column":2},"end":{"line":17,"column":31}},"4":{"start":{"line":18,"column":2},"end":{"line":18,"column":29}},"5":{"start":{"line":19,"column":8},"end":{"line":19,"column":25}},"6":{"start":{"line":20,"column":2},"end":{"line":20,"column":37}},"7":{"start":{"line":21,"column":2},"end":{"line":21,"column":35}},"8":{"start":{"line":22,"column":2},"end":{"line":22,"column":36}},"9":{"start":{"line":23,"column":2},"end":{"line":23,"column":18}},"10":{"start":{"line":24,"column":2},"end":{"line":24,"column":33}},"11":{"start":{"line":28,"column":21},"end":{"line":28,"column":83}},"12":{"start":{"line":29,"column":8},"end":{"line":29,"column":77}},"13":{"start":{"line":30,"column":2},"end":{"line":30,"column":49}},"14":{"start":{"line":31,"column":2},"end":{"line":31,"column":47}},"15":{"start":{"line":32,"column":2},"end":{"line":32,"column":46}},"16":{"start":{"line":33,"column":8},"end":{"line":33,"column":21}},"17":{"start":{"line":37,"column":22},"end":{"line":37,"column":66}},"18":{"start":{"line":38,"column":2},"end":{"line":38,"column":19}},"19":{"start":{"line":42,"column":20},"end":{"line":42,"column":61}},"20":{"start":{"line":43,"column":21},"end":{"line":43,"column":50}},"21":{"start":{"line":44,"column":2},"end":{"line":44,"column":63}},"22":{"start":{"line":45,"column":2},"end":{"line":45,"column":19}},"23":{"start":{"line":49,"column":15},"end":{"line":49,"column":17}},"24":{"start":{"line":50,"column":2},"end":{"line":50,"column":38}},"25":{"start":{"line":51,"column":2},"end":{"line":51,"column":36}},"26":{"start":{"line":52,"column":2},"end":{"line":52,"column":26}},"27":{"start":{"line":53,"column":2},"end":{"line":53,"column":15}},"28":{"start":{"line":57,"column":20},"end":{"line":57,"column":22}},"29":{"start":{"line":58,"column":23},"end":{"line":58,"column":53}},"30":{"start":{"line":60,"column":2},"end":{"line":62,"column":3}},"31":{"start":{"line":61,"column":3},"end":{"line":61,"column":44}},"32":{"start":{"line":64,"column":2},"end":{"line":66,"column":3}},"33":{"start":{"line":65,"column":3},"end":{"line":65,"column":48}},"34":{"start":{"line":69,"column":2},"end":{"line":71,"column":3}},"35":{"start":{"line":70,"column":3},"end":{"line":70,"column":45}},"36":{"start":{"line":74,"column":2},"end":{"line":74,"column":37}},"37":{"start":{"line":75,"column":2},"end":{"line":75,"column":43}},"38":{"start":{"line":80,"column":2},"end":{"line":90,"column":3}},"39":{"start":{"line":81,"column":3},"end":{"line":83,"column":4}},"40":{"start":{"line":82,"column":4},"end":{"line":82,"column":21}},"41":{"start":{"line":84,"column":3},"end":{"line":84,"column":32}},"42":{"start":{"line":88,"column":3},"end":{"line":88,"column":23}},"43":{"start":{"line":89,"column":3},"end":{"line":89,"column":36}}},"fnMap":{"0":{"name":"(anonymous_0)","decl":{"start":{"line":6,"column":1},"end":{"line":6,"column":2}},"loc":{"start":{"line":15,"column":3},"end":{"line":25,"column":2}},"line":15},"1":{"name":"(anonymous_1)","decl":{"start":{"line":27,"column":4},"end":{"line":27,"column":5}},"loc":{"start":{"line":27,"column":15},"end":{"line":34,"column":2}},"line":27},"2":{"name":"(anonymous_2)","decl":{"start":{"line":36,"column":1},"end":{"line":36,"column":2}},"loc":{"start":{"line":36,"column":26},"end":{"line":39,"column":2}},"line":36},"3":{"name":"(anonymous_3)","decl":{"start":{"line":41,"column":1},"end":{"line":41,"column":2}},"loc":{"start":{"line":41,"column":21},"end":{"line":46,"column":2}},"line":41},"4":{"name":"(anonymous_4)","decl":{"start":{"line":48,"column":1},"end":{"line":48,"column":2}},"loc":{"start":{"line":48,"column":17},"end":{"line":54,"column":2}},"line":48},"5":{"name":"(anonymous_5)","decl":{"start":{"line":56,"column":1},"end":{"line":56,"column":2}},"loc":{"start":{"line":56,"column":58},"end":{"line":76,"column":2}},"line":56},"6":{"name":"(anonymous_6)","decl":{"start":{"line":78,"column":1},"end":{"line":78,"column":2}},"loc":{"start":{"line":78,"column":40},"end":{"line":91,"column":2}},"line":78}},"branchMap":{"0":{"loc":{"start":{"line":11,"column":2},"end":{"line":11,"column":27}},"type":"default-arg","locations":[{"start":{"line":11,"column":24},"end":{"line":11,"column":27}}],"line":11},"1":{"loc":{"start":{"line":12,"column":2},"end":{"line":12,"column":26}},"type":"default-arg","locations":[{"start":{"line":12,"column":23},"end":{"line":12,"column":26}}],"line":12},"2":{"loc":{"start":{"line":13,"column":2},"end":{"line":13,"column":26}},"type":"default-arg","locations":[{"start":{"line":13,"column":23},"end":{"line":13,"column":26}}],"line":13},"3":{"loc":{"start":{"line":56,"column":40},"end":{"line":56,"column":56}},"type":"default-arg","locations":[{"start":{"line":56,"column":51},"end":{"line":56,"column":56}}],"line":56},"4":{"loc":{"start":{"line":60,"column":2},"end":{"line":62,"column":3}},"type":"if","locations":[{"start":{"line":60,"column":2},"end":{"line":62,"column":3}},{"start":{},"end":{}}],"line":60},"5":{"loc":{"start":{"line":64,"column":2},"end":{"line":66,"column":3}},"type":"if","locations":[{"start":{"line":64,"column":2},"end":{"line":66,"column":3}},{"start":{},"end":{}}],"line":64},"6":{"loc":{"start":{"line":64,"column":6},"end":{"line":64,"column":59}},"type":"binary-expr","locations":[{"start":{"line":64,"column":6},"end":{"line":64,"column":34}},{"start":{"line":64,"column":38},"end":{"line":64,"column":59}}],"line":64},"7":{"loc":{"start":{"line":69,"column":2},"end":{"line":71,"column":3}},"type":"if","locations":[{"start":{"line":69,"column":2},"end":{"line":71,"column":3}},{"start":{},"end":{}}],"line":69},"8":{"loc":{"start":{"line":80,"column":2},"end":{"line":90,"column":3}},"type":"if","locations":[{"start":{"line":80,"column":2},"end":{"line":90,"column":3}},{"start":{"line":87,"column":7},"end":{"line":90,"column":3}}],"line":80}},"s":{"0":107,"1":107,"2":107,"3":107,"4":107,"5":107,"6":107,"7":107,"8":107,"9":107,"10":107,"11":6,"12":6,"13":6,"14":6,"15":6,"16":6,"17":56,"18":56,"19":48,"20":48,"21":48,"22":48,"23":4,"24":4,"25":4,"26":4,"27":4,"28":14,"29":14,"30":14,"31":1,"32":13,"33":1,"34":12,"35":1,"36":11,"37":11,"38":11,"39":7,"40":7,"41":7,"42":4,"43":4},"f":{"0":107,"1":6,"2":56,"3":48,"4":4,"5":14,"6":11},"b":{"0":[14],"1":[15],"2":[16],"3":[4],"4":[1,13],"5":[1,12],"6":[13,4],"7":[1,11],"8":[7,4]},"_coverageSchema":"1a1c01bbd47fc00a2c39e90264f33305004495a9","hash":"c313360df86bfee1d8cd3b3933359d8c311b478d"}
,"C:\\Users\\ads0417\\OneDrive - Ara Institute of Canterbury\\Documents\\ARS 20240220 BCDE211 Best Prog Practices\\Assessment\\triathlon\\src\\triathlon.js": {"path":"C:\\Users\\ads0417\\OneDrive - Ara Institute of Canterbury\\Documents\\ARS 20240220 BCDE211 Best Prog Practices\\Assessment\\triathlon\\src\\triathlon.js","statementMap":{"0":{"start":{"line":11,"column":2},"end":{"line":11,"column":26}},"1":{"start":{"line":12,"column":2},"end":{"line":12,"column":29}},"2":{"start":{"line":13,"column":2},"end":{"line":13,"column":37}},"3":{"start":{"line":14,"column":2},"end":{"line":14,"column":35}},"4":{"start":{"line":15,"column":2},"end":{"line":15,"column":37}},"5":{"start":{"line":16,"column":2},"end":{"line":16,"column":27}},"6":{"start":{"line":17,"column":2},"end":{"line":17,"column":27}},"7":{"start":{"line":21,"column":27},"end":{"line":21,"column":136}},"8":{"start":{"line":22,"column":8},"end":{"line":22,"column":34}},"9":{"start":{"line":23,"column":8},"end":{"line":23,"column":45}},"10":{"start":{"line":28,"column":2},"end":{"line":28,"column":128}},"11":{"start":{"line":29,"column":2},"end":{"line":29,"column":15}},"12":{"start":{"line":33,"column":2},"end":{"line":45,"column":4}},"13":{"start":{"line":34,"column":3},"end":{"line":36,"column":4}},"14":{"start":{"line":35,"column":4},"end":{"line":35,"column":13}},"15":{"start":{"line":37,"column":3},"end":{"line":44,"column":4}},"16":{"start":{"line":38,"column":4},"end":{"line":38,"column":12}},"17":{"start":{"line":42,"column":4},"end":{"line":42,"column":52}},"18":{"start":{"line":43,"column":4},"end":{"line":43,"column":12}},"19":{"start":{"line":49,"column":12},"end":{"line":49,"column":21}},"20":{"start":{"line":50,"column":17},"end":{"line":63,"column":3}},"21":{"start":{"line":64,"column":2},"end":{"line":64,"column":74}},"22":{"start":{"line":65,"column":2},"end":{"line":65,"column":18}},"23":{"start":{"line":69,"column":2},"end":{"line":69,"column":25}},"24":{"start":{"line":70,"column":21},"end":{"line":70,"column":25}},"25":{"start":{"line":71,"column":2},"end":{"line":76,"column":3}},"26":{"start":{"line":72,"column":3},"end":{"line":75,"column":4}},"27":{"start":{"line":73,"column":4},"end":{"line":73,"column":28}},"28":{"start":{"line":74,"column":4},"end":{"line":74,"column":9}},"29":{"start":{"line":77,"column":2},"end":{"line":77,"column":21}},"30":{"start":{"line":81,"column":2},"end":{"line":81,"column":65}},"31":{"start":{"line":85,"column":2},"end":{"line":85,"column":25}},"32":{"start":{"line":86,"column":15},"end":{"line":86,"column":30}},"33":{"start":{"line":87,"column":2},"end":{"line":89,"column":3}},"34":{"start":{"line":88,"column":3},"end":{"line":88,"column":22}},"35":{"start":{"line":90,"column":2},"end":{"line":90,"column":15}},"36":{"start":{"line":94,"column":24},"end":{"line":94,"column":25}},"37":{"start":{"line":95,"column":2},"end":{"line":97,"column":3}},"38":{"start":{"line":96,"column":3},"end":{"line":96,"column":51}},"39":{"start":{"line":98,"column":15},"end":{"line":98,"column":79}},"40":{"start":{"line":99,"column":2},"end":{"line":99,"column":15}},"41":{"start":{"line":103,"column":22},"end":{"line":103,"column":48}},"42":{"start":{"line":104,"column":27},"end":{"line":104,"column":60}},"43":{"start":{"line":105,"column":25},"end":{"line":105,"column":49}},"44":{"start":{"line":106,"column":2},"end":{"line":106,"column":33}},"45":{"start":{"line":107,"column":2},"end":{"line":107,"column":44}},"46":{"start":{"line":111,"column":8},"end":{"line":111,"column":31}},"47":{"start":{"line":112,"column":29},"end":{"line":112,"column":31}},"48":{"start":{"line":113,"column":2},"end":{"line":117,"column":3}},"49":{"start":{"line":114,"column":3},"end":{"line":116,"column":4}},"50":{"start":{"line":115,"column":4},"end":{"line":115,"column":113}},"51":{"start":{"line":118,"column":15},"end":{"line":118,"column":79}},"52":{"start":{"line":119,"column":2},"end":{"line":119,"column":15}},"53":{"start":{"line":123,"column":19},"end":{"line":123,"column":45}},"54":{"start":{"line":124,"column":20},"end":{"line":124,"column":39}},"55":{"start":{"line":125,"column":2},"end":{"line":131,"column":3}},"56":{"start":{"line":126,"column":18},"end":{"line":126,"column":58}},"57":{"start":{"line":127,"column":4},"end":{"line":127,"column":41}},"58":{"start":{"line":128,"column":4},"end":{"line":128,"column":30}},"59":{"start":{"line":130,"column":3},"end":{"line":130,"column":62}},"60":{"start":{"line":135,"column":2},"end":{"line":135,"column":56}},"61":{"start":{"line":136,"column":2},"end":{"line":136,"column":21}},"62":{"start":{"line":140,"column":17},"end":{"line":140,"column":19}},"63":{"start":{"line":141,"column":2},"end":{"line":146,"column":3}},"64":{"start":{"line":141,"column":19},"end":{"line":141,"column":20}},"65":{"start":{"line":142,"column":15},"end":{"line":142,"column":38}},"66":{"start":{"line":143,"column":16},"end":{"line":143,"column":48}},"67":{"start":{"line":144,"column":28},"end":{"line":144,"column":44}},"68":{"start":{"line":145,"column":3},"end":{"line":145,"column":35}},"69":{"start":{"line":147,"column":2},"end":{"line":147,"column":17}}},"fnMap":{"0":{"name":"(anonymous_0)","decl":{"start":{"line":4,"column":1},"end":{"line":4,"column":2}},"loc":{"start":{"line":10,"column":2},"end":{"line":18,"column":2}},"line":10},"1":{"name":"(anonymous_1)","decl":{"start":{"line":20,"column":4},"end":{"line":20,"column":5}},"loc":{"start":{"line":20,"column":107},"end":{"line":24,"column":5}},"line":20},"2":{"name":"(anonymous_2)","decl":{"start":{"line":26,"column":1},"end":{"line":26,"column":2}},"loc":{"start":{"line":26,"column":12},"end":{"line":30,"column":2}},"line":26},"3":{"name":"(anonymous_3)","decl":{"start":{"line":32,"column":1},"end":{"line":32,"column":2}},"loc":{"start":{"line":32,"column":20},"end":{"line":46,"column":2}},"line":32},"4":{"name":"(anonymous_4)","decl":{"start":{"line":33,"column":28},"end":{"line":33,"column":29}},"loc":{"start":{"line":33,"column":38},"end":{"line":45,"column":3}},"line":33},"5":{"name":"(anonymous_5)","decl":{"start":{"line":48,"column":1},"end":{"line":48,"column":2}},"loc":{"start":{"line":48,"column":14},"end":{"line":66,"column":2}},"line":48},"6":{"name":"(anonymous_6)","decl":{"start":{"line":68,"column":1},"end":{"line":68,"column":2}},"loc":{"start":{"line":68,"column":23},"end":{"line":78,"column":2}},"line":68},"7":{"name":"(anonymous_7)","decl":{"start":{"line":80,"column":1},"end":{"line":80,"column":2}},"loc":{"start":{"line":80,"column":26},"end":{"line":82,"column":2}},"line":80},"8":{"name":"(anonymous_8)","decl":{"start":{"line":84,"column":1},"end":{"line":84,"column":2}},"loc":{"start":{"line":84,"column":10},"end":{"line":91,"column":2}},"line":84},"9":{"name":"(anonymous_9)","decl":{"start":{"line":93,"column":1},"end":{"line":93,"column":2}},"loc":{"start":{"line":93,"column":21},"end":{"line":100,"column":2}},"line":93},"10":{"name":"(anonymous_10)","decl":{"start":{"line":102,"column":1},"end":{"line":102,"column":2}},"loc":{"start":{"line":102,"column":22},"end":{"line":108,"column":2}},"line":102},"11":{"name":"(anonymous_11)","decl":{"start":{"line":110,"column":1},"end":{"line":110,"column":2}},"loc":{"start":{"line":110,"column":15},"end":{"line":120,"column":2}},"line":110},"12":{"name":"(anonymous_12)","decl":{"start":{"line":122,"column":1},"end":{"line":122,"column":2}},"loc":{"start":{"line":122,"column":25},"end":{"line":132,"column":2}},"line":122},"13":{"name":"(anonymous_13)","decl":{"start":{"line":134,"column":1},"end":{"line":134,"column":2}},"loc":{"start":{"line":134,"column":29},"end":{"line":137,"column":2}},"line":134},"14":{"name":"(anonymous_14)","decl":{"start":{"line":139,"column":1},"end":{"line":139,"column":2}},"loc":{"start":{"line":139,"column":23},"end":{"line":148,"column":2}},"line":139}},"branchMap":{"0":{"loc":{"start":{"line":5,"column":2},"end":{"line":5,"column":27}},"type":"default-arg","locations":[{"start":{"line":5,"column":17},"end":{"line":5,"column":27}}],"line":5},"1":{"loc":{"start":{"line":6,"column":2},"end":{"line":6,"column":25}},"type":"default-arg","locations":[{"start":{"line":6,"column":16},"end":{"line":6,"column":25}}],"line":6},"2":{"loc":{"start":{"line":7,"column":2},"end":{"line":7,"column":23}},"type":"default-arg","locations":[{"start":{"line":7,"column":20},"end":{"line":7,"column":23}}],"line":7},"3":{"loc":{"start":{"line":8,"column":2},"end":{"line":8,"column":23}},"type":"default-arg","locations":[{"start":{"line":8,"column":19},"end":{"line":8,"column":23}}],"line":8},"4":{"loc":{"start":{"line":9,"column":2},"end":{"line":9,"column":24}},"type":"default-arg","locations":[{"start":{"line":9,"column":20},"end":{"line":9,"column":24}}],"line":9},"5":{"loc":{"start":{"line":34,"column":3},"end":{"line":36,"column":4}},"type":"if","locations":[{"start":{"line":34,"column":3},"end":{"line":36,"column":4}},{"start":{},"end":{}}],"line":34},"6":{"loc":{"start":{"line":37,"column":3},"end":{"line":44,"column":4}},"type":"if","locations":[{"start":{"line":37,"column":3},"end":{"line":44,"column":4}},{"start":{"line":41,"column":8},"end":{"line":44,"column":4}}],"line":37},"7":{"loc":{"start":{"line":72,"column":3},"end":{"line":75,"column":4}},"type":"if","locations":[{"start":{"line":72,"column":3},"end":{"line":75,"column":4}},{"start":{},"end":{}}],"line":72},"8":{"loc":{"start":{"line":114,"column":3},"end":{"line":116,"column":4}},"type":"if","locations":[{"start":{"line":114,"column":3},"end":{"line":116,"column":4}},{"start":{},"end":{}}],"line":114},"9":{"loc":{"start":{"line":125,"column":2},"end":{"line":131,"column":3}},"type":"if","locations":[{"start":{"line":125,"column":2},"end":{"line":131,"column":3}},{"start":{"line":129,"column":9},"end":{"line":131,"column":3}}],"line":125}},"s":{"0":53,"1":53,"2":53,"3":53,"4":53,"5":53,"6":53,"7":77,"8":77,"9":77,"10":3,"11":3,"12":18,"13":84,"14":37,"15":47,"16":45,"17":2,"18":2,"19":4,"20":4,"21":4,"22":4,"23":13,"24":13,"25":13,"26":31,"27":10,"28":10,"29":13,"30":50,"31":1,"32":1,"33":1,"34":4,"35":1,"36":8,"37":8,"38":32,"39":8,"40":8,"41":6,"42":6,"43":6,"44":6,"45":6,"46":1,"47":1,"48":1,"49":4,"50":2,"51":1,"52":1,"53":5,"54":5,"55":5,"56":3,"57":3,"58":3,"59":2,"60":2,"61":2,"62":2,"63":2,"64":2,"65":1,"66":1,"67":1,"68":1,"69":2},"f":{"0":53,"1":77,"2":3,"3":18,"4":84,"5":4,"6":13,"7":50,"8":1,"9":8,"10":6,"11":1,"12":5,"13":2,"14":2},"b":{"0":[32],"1":[32],"2":[53],"3":[53],"4":[53],"5":[37,47],"6":[45,2],"7":[10,21],"8":[2,2],"9":[3,2]},"_coverageSchema":"1a1c01bbd47fc00a2c39e90264f33305004495a9","hash":"b799e4307b8542dc2467683dd923c7177941716c"}
}
