TN:
SF:src\athlete.js
FN:2,(anonymous_0)
FN:23,(anonymous_1)
FN:32,(anonymous_2)
FN:37,(anonymous_3)
FN:44,(anonymous_4)
FN:52,(anonymous_5)
FN:74,(anonymous_6)
FNF:7
FNH:7
FNDA:107,(anonymous_0)
FNDA:6,(anonymous_1)
FNDA:56,(anonymous_2)
FNDA:48,(anonymous_3)
FNDA:4,(anonymous_4)
FNDA:14,(anonymous_5)
FNDA:11,(anonymous_6)
DA:12,107
DA:13,107
DA:14,107
DA:15,107
DA:16,107
DA:17,107
DA:18,107
DA:19,107
DA:20,107
DA:24,6
DA:25,6
DA:26,6
DA:27,6
DA:28,6
DA:29,6
DA:33,56
DA:34,56
DA:38,48
DA:39,48
DA:40,48
DA:41,48
DA:45,4
DA:46,4
DA:47,4
DA:48,4
DA:49,4
DA:53,14
DA:54,14
DA:56,14
DA:57,1
DA:60,13
DA:61,1
DA:65,12
DA:66,1
DA:70,11
DA:71,11
DA:76,11
DA:77,7
DA:78,7
DA:81,7
DA:84,4
DA:85,4
LF:42
LH:42
BRDA:7,0,0,14
BRDA:8,1,0,15
BRDA:9,2,0,16
BRDA:52,3,0,4
BRDA:56,4,0,1
BRDA:56,4,1,13
BRDA:60,5,0,1
BRDA:60,5,1,12
BRDA:60,6,0,13
BRDA:60,6,1,4
BRDA:65,7,0,1
BRDA:65,7,1,11
BRDA:76,8,0,7
BRDA:76,8,1,4
BRF:14
BRH:14
end_of_record
TN:
SF:src\triathlon.js
FN:4,(anonymous_0)
FN:20,(anonymous_1)
FN:26,(anonymous_2)
FN:31,(anonymous_3)
FN:32,(anonymous_4)
FN:46,(anonymous_5)
FN:66,(anonymous_6)
FN:79,(anonymous_7)
FN:83,(anonymous_8)
FN:93,(anonymous_9)
FN:103,(anonymous_10)
FN:111,(anonymous_11)
FN:124,(anonymous_12)
FN:136,(anonymous_13)
FN:141,(anonymous_14)
FNF:15
FNH:15
FNDA:53,(anonymous_0)
FNDA:77,(anonymous_1)
FNDA:3,(anonymous_2)
FNDA:18,(anonymous_3)
FNDA:84,(anonymous_4)
FNDA:4,(anonymous_5)
FNDA:13,(anonymous_6)
FNDA:50,(anonymous_7)
FNDA:1,(anonymous_8)
FNDA:8,(anonymous_9)
FNDA:6,(anonymous_10)
FNDA:1,(anonymous_11)
FNDA:5,(anonymous_12)
FNDA:2,(anonymous_13)
FNDA:2,(anonymous_14)
DA:11,53
DA:12,53
DA:13,53
DA:14,53
DA:15,53
DA:16,53
DA:17,53
DA:21,77
DA:22,77
DA:23,77
DA:27,3
DA:28,3
DA:32,18
DA:33,84
DA:34,37
DA:37,47
DA:38,45
DA:41,2
DA:42,2
DA:47,4
DA:48,4
DA:62,4
DA:63,4
DA:67,13
DA:68,13
DA:69,13
DA:70,31
DA:71,10
DA:72,10
DA:76,13
DA:80,50
DA:84,1
DA:85,1
DA:86,1
DA:87,4
DA:90,1
DA:94,8
DA:95,8
DA:96,32
DA:99,8
DA:100,8
DA:104,6
DA:105,6
DA:106,6
DA:107,6
DA:108,6
DA:112,1
DA:113,1
DA:114,1
DA:115,4
DA:116,2
DA:120,1
DA:121,1
DA:125,5
DA:126,5
DA:127,5
DA:128,3
DA:129,3
DA:130,3
DA:132,2
DA:137,2
DA:138,2
DA:142,2
DA:143,2
DA:144,1
DA:145,1
DA:146,1
DA:147,1
DA:149,2
LF:69
LH:69
BRDA:5,0,0,32
BRDA:6,1,0,32
BRDA:7,2,0,53
BRDA:8,3,0,53
BRDA:9,4,0,53
BRDA:33,5,0,37
BRDA:33,5,1,47
BRDA:37,6,0,45
BRDA:37,6,1,2
BRDA:70,7,0,10
BRDA:70,7,1,21
BRDA:115,8,0,2
BRDA:115,8,1,2
BRDA:127,9,0,3
BRDA:127,9,1,2
BRF:15
BRH:15
end_of_record
